Performing C SOURCE FILE Test CMAKE_HAVE_LIBC_PTHREAD failed with the following output:
Change Dir: /home/B220660/study/architecture/myFactory/build/CMakeFiles/CMakeTmp

Run Build Command(s):/usr/bin/gmake cmTC_b2046/fast && /usr/bin/gmake -f CMakeFiles/cmTC_b2046.dir/build.make CMakeFiles/cmTC_b2046.dir/build
gmake[1]: Entering directory `/home/B220660/study/architecture/myFactory/build/CMakeFiles/CMakeTmp'
Building C object CMakeFiles/cmTC_b2046.dir/src.c.o
/usr/lib64/ccache/cc   -DCMAKE_HAVE_LIBC_PTHREAD   -o CMakeFiles/cmTC_b2046.dir/src.c.o   -c /home/B220660/study/architecture/myFactory/build/CMakeFiles/CMakeTmp/src.c
Linking C executable cmTC_b2046
/home/B220660/cmake-3.16.4-Linux-x86_64/bin/cmake -E cmake_link_script CMakeFiles/cmTC_b2046.dir/link.txt --verbose=1
/usr/lib64/ccache/cc  -DCMAKE_HAVE_LIBC_PTHREAD    -rdynamic CMakeFiles/cmTC_b2046.dir/src.c.o  -o cmTC_b2046 
CMakeFiles/cmTC_b2046.dir/src.c.o: In function `main':
src.c:(.text+0x2d): undefined reference to `pthread_create'
src.c:(.text+0x39): undefined reference to `pthread_detach'
src.c:(.text+0x4a): undefined reference to `pthread_join'
src.c:(.text+0x5e): undefined reference to `pthread_atfork'
collect2: error: ld returned 1 exit status
gmake[1]: *** [cmTC_b2046] Error 1
gmake[1]: Leaving directory `/home/B220660/study/architecture/myFactory/build/CMakeFiles/CMakeTmp'
gmake: *** [cmTC_b2046/fast] Error 2


Source file was:
#include <pthread.h>

void* test_func(void* data)
{
  return data;
}

int main(void)
{
  pthread_t thread;
  pthread_create(&thread, NULL, test_func, NULL);
  pthread_detach(thread);
  pthread_join(thread, NULL);
  pthread_atfork(NULL, NULL, NULL);
  pthread_exit(NULL);

  return 0;
}

Determining if the function pthread_create exists in the pthreads failed with the following output:
Change Dir: /home/B220660/study/architecture/myFactory/build/CMakeFiles/CMakeTmp

Run Build Command(s):/usr/bin/gmake cmTC_94dce/fast && /usr/bin/gmake -f CMakeFiles/cmTC_94dce.dir/build.make CMakeFiles/cmTC_94dce.dir/build
gmake[1]: Entering directory `/home/B220660/study/architecture/myFactory/build/CMakeFiles/CMakeTmp'
Building C object CMakeFiles/cmTC_94dce.dir/CheckFunctionExists.c.o
/usr/lib64/ccache/cc   -DCHECK_FUNCTION_EXISTS=pthread_create   -o CMakeFiles/cmTC_94dce.dir/CheckFunctionExists.c.o   -c /home/B220660/cmake-3.16.4-Linux-x86_64/share/cmake-3.16/Modules/CheckFunctionExists.c
Linking C executable cmTC_94dce
/home/B220660/cmake-3.16.4-Linux-x86_64/bin/cmake -E cmake_link_script CMakeFiles/cmTC_94dce.dir/link.txt --verbose=1
/usr/lib64/ccache/cc  -DCHECK_FUNCTION_EXISTS=pthread_create    -rdynamic CMakeFiles/cmTC_94dce.dir/CheckFunctionExists.c.o  -o cmTC_94dce  -lpthreads 
/usr/bin/ld: cannot find -lpthreads
collect2: error: ld returned 1 exit status
gmake[1]: *** [cmTC_94dce] Error 1
gmake[1]: Leaving directory `/home/B220660/study/architecture/myFactory/build/CMakeFiles/CMakeTmp'
gmake: *** [cmTC_94dce/fast] Error 2



